[01m[K/home/camilo/ros2_ws/build/sim_ros2_interface/generated/callbacks.cpp:[m[K In function â€˜[01m[Kvoid write__std_msgs__msg__MultiArrayLayout(const MultiArrayLayout&, int, const ROS2WriteOptions*)[m[Kâ€™:
[01m[K/home/camilo/ros2_ws/build/sim_ros2_interface/generated/callbacks.cpp:3468:17:[m[K [01;31m[Kerror: [m[Kâ€˜[01m[Kwrite__std_msgs__msg__MultiArrayDimension[m[Kâ€™ was not declared in this scope; did you mean â€˜[01m[KDEPRECATED__std_msgs__msg__MultiArrayDimension[m[Kâ€™?
 3468 |                 [01;31m[Kwrite__std_msgs__msg__MultiArrayDimension[m[K(msg.dim[i], stack, opt);
      |                 [01;31m[K^~~~~~~~~~~~~~~~~~~~~~~~~~~~~~~~~~~~~~~~~[m[K
      |                 [32m[KDEPRECATED__std_msgs__msg__MultiArrayDimension[m[K
[01m[K/home/camilo/ros2_ws/build/sim_ros2_interface/generated/callbacks.cpp:[m[K In function â€˜[01m[Kvoid read__std_msgs__msg__MultiArrayLayout(int, std_msgs::msg::MultiArrayLayout*, const ROS2ReadOptions*)[m[Kâ€™:
[01m[K/home/camilo/ros2_ws/build/sim_ros2_interface/generated/callbacks.cpp:3543:29:[m[K [01;31m[Kerror: [m[Kâ€˜[01m[Kread__std_msgs__msg__MultiArrayDimension[m[Kâ€™ was not declared in this scope; did you mean â€˜[01m[KDEPRECATED__std_msgs__msg__MultiArrayDimension[m[Kâ€™?
 3543 |                             [01;31m[Kread__std_msgs__msg__MultiArrayDimension[m[K(stack, &v, opt);
      |                             [01;31m[K^~~~~~~~~~~~~~~~~~~~~~~~~~~~~~~~~~~~~~~~[m[K
      |                             [32m[KDEPRECATED__std_msgs__msg__MultiArrayDimension[m[K
gmake[2]: *** [CMakeFiles/simExtROS2.dir/build.make:227: CMakeFiles/simExtROS2.dir/generated/callbacks.cpp.o] Error 1
gmake[2]: *** Waiting for unfinished jobs....
gmake[1]: *** [CMakeFiles/Makefile2:164: CMakeFiles/simExtROS2.dir/all] Error 2
gmake: *** [Makefile:146: all] Error 2
