[0.109s] Invoking command in '/home/camilo/ros2_ws/build/sim_ros2_interface': CMAKE_PREFIX_PATH=${CMAKE_PREFIX_PATH}:/home/camilo/ros2_ws/install/turtle_bot:/opt/ros/humble /usr/bin/cmake --build /home/camilo/ros2_ws/build/sim_ros2_interface -- -j8 -l8
[0.149s] [  2%] [34m[1mGenerating generated/actcli_cancelLastGoal.cpp[0m
[0.149s] [  7%] [34m[1mGenerating generated/actsrv_action_canceled.cpp[0m
[0.150s] [ 10%] [34m[1mGenerating generated/actcli_del.cpp[0m
[0.150s] [ 10%] [34m[1mGenerating generated/actsrv_action_abort.cpp[0m
[0.150s] [ 12%] [34m[1mGenerating generated/actcli_new.cpp[0m
[0.153s] [ 15%] [34m[1mGenerating generated/actcli_sendGoal.cpp[0m
[0.155s] [ 17%] [34m[1mGenerating generated/actsrv_action_execute.cpp[0m
[0.156s] [ 20%] [34m[1mGenerating generated/actsrv_action_is_active.cpp[0m
[0.429s] [ 22%] [34m[1mGenerating generated/actsrv_action_is_executing.cpp[0m
[0.430s] [ 25%] [34m[1mGenerating generated/actsrv_action_publish_feedback.cpp[0m
[0.432s] [ 27%] [34m[1mGenerating generated/actsrv_action_succeed.cpp[0m
[0.442s] [ 30%] [34m[1mGenerating generated/actsrv_action_is_canceling.cpp[0m
[0.453s] [ 32%] [34m[1mGenerating generated/actsrv_del.cpp[0m
[0.500s] [ 35%] [34m[1mGenerating generated/actsrv_new.cpp[0m
[0.503s] [ 37%] [34m[1mGenerating generated/callbacks.cpp[0m
[0.508s] [ 40%] [34m[1mGenerating generated/callbacks.h[0m
[0.725s] [ 42%] [34m[1mGenerating generated/cli_call.cpp[0m
[0.739s] [ 45%] [34m[1mGenerating generated/cli_new.cpp[0m
[0.740s] [ 47%] [34m[1mGenerating generated/cli_del.cpp[0m
[0.750s] [ 50%] [34m[1mGenerating generated/cli_wait.cpp[0m
[0.788s] [ 52%] [34m[1mGenerating generated/if_const.cpp[0m
[0.800s] [ 55%] [34m[1mGenerating generated/if_list.cpp[0m
[0.824s] [ 57%] [34m[1mGenerating generated/if_new.cpp[0m
[0.839s] [ 60%] [34m[1mGenerating generated/pub_del.cpp[0m
[0.981s] [ 62%] [34m[1mGenerating generated/pub_new.cpp[0m
[1.007s] [ 65%] [34m[1mGenerating generated/pub_publish.cpp[0m
[1.011s] [ 67%] [34m[1mGenerating generated/srv_del.cpp[0m
[1.023s] [ 70%] [34m[1mGenerating generated/srv_new.cpp[0m
[1.073s] [ 72%] [34m[1mGenerating generated/sub_del.cpp[0m
[1.077s] [ 75%] [34m[1mGenerating generated/sub_new.cpp[0m
[1.324s] [ 75%] Built target generate_ros_code
[1.358s] [ 77%] [32mBuilding CXX object CMakeFiles/simExtROS2.dir/src/sim_ros2_interface.cpp.o[0m
[1.359s] [ 80%] [32mBuilding CXX object CMakeFiles/simExtROS2.dir/generated/callbacks.cpp.o[0m
[4.734s] [01m[K/home/camilo/ros2_ws/build/sim_ros2_interface/generated/callbacks.cpp:[m[K In function â€˜[01m[Kvoid write__std_msgs__msg__Float32MultiArray(const Float32MultiArray&, int, const ROS2WriteOptions*)[m[Kâ€™:
[4.734s] [01m[K/home/camilo/ros2_ws/build/sim_ros2_interface/generated/callbacks.cpp:2766:13:[m[K [01;31m[Kerror: [m[Kâ€˜[01m[Kwrite__std_msgs__msg__MultiArrayLayout[m[Kâ€™ was not declared in this scope; did you mean â€˜[01m[KDEPRECATED__std_msgs__msg__MultiArrayLayout[m[Kâ€™?
[4.734s]  2766 |             [01;31m[Kwrite__std_msgs__msg__MultiArrayLayout[m[K(msg.layout, stack, opt);
[4.734s]       |             [01;31m[K^~~~~~~~~~~~~~~~~~~~~~~~~~~~~~~~~~~~~~[m[K
[4.735s]       |             [32m[KDEPRECATED__std_msgs__msg__MultiArrayLayout[m[K
[4.767s] [01m[K/home/camilo/ros2_ws/build/sim_ros2_interface/generated/callbacks.cpp:[m[K In function â€˜[01m[Kvoid read__std_msgs__msg__Float32MultiArray(int, std_msgs::msg::Float32MultiArray*, const ROS2ReadOptions*)[m[Kâ€™:
[4.767s] [01m[K/home/camilo/ros2_ws/build/sim_ros2_interface/generated/callbacks.cpp:2827:25:[m[K [01;31m[Kerror: [m[Kâ€˜[01m[Kread__std_msgs__msg__MultiArrayLayout[m[Kâ€™ was not declared in this scope; did you mean â€˜[01m[KDEPRECATED__std_msgs__msg__MultiArrayLayout[m[Kâ€™?
[4.767s]  2827 |                         [01;31m[Kread__std_msgs__msg__MultiArrayLayout[m[K(stack, &(msg->layout), opt);
[4.767s]       |                         [01;31m[K^~~~~~~~~~~~~~~~~~~~~~~~~~~~~~~~~~~~~[m[K
[4.767s]       |                         [32m[KDEPRECATED__std_msgs__msg__MultiArrayLayout[m[K
[5.522s] gmake[2]: *** [CMakeFiles/simExtROS2.dir/build.make:213: CMakeFiles/simExtROS2.dir/generated/callbacks.cpp.o] Error 1
[5.522s] gmake[2]: *** Waiting for unfinished jobs....
[103.513s] gmake[1]: *** [CMakeFiles/Makefile2:164: CMakeFiles/simExtROS2.dir/all] Error 2
[103.513s] gmake: *** [Makefile:146: all] Error 2
[103.515s] Invoked command in '/home/camilo/ros2_ws/build/sim_ros2_interface' returned '2': CMAKE_PREFIX_PATH=${CMAKE_PREFIX_PATH}:/home/camilo/ros2_ws/install/turtle_bot:/opt/ros/humble /usr/bin/cmake --build /home/camilo/ros2_ws/build/sim_ros2_interface -- -j8 -l8
