[  7%] [34m[1mGenerating generated/actcli_sendGoal.cpp[0m
[  7%] [34m[1mGenerating generated/actcli_cancelLastGoal.cpp[0m
[  7%] [34m[1mGenerating generated/actcli_new.cpp[0m
[ 10%] [34m[1mGenerating generated/actcli_del.cpp[0m
[ 12%] [34m[1mGenerating generated/actsrv_action_abort.cpp[0m
[ 15%] [34m[1mGenerating generated/actsrv_action_is_active.cpp[0m
[ 17%] [34m[1mGenerating generated/actsrv_action_canceled.cpp[0m
[ 20%] [34m[1mGenerating generated/actsrv_action_execute.cpp[0m
[ 22%] [34m[1mGenerating generated/actsrv_action_is_executing.cpp[0m
[ 25%] [34m[1mGenerating generated/actsrv_action_is_canceling.cpp[0m
[ 27%] [34m[1mGenerating generated/actsrv_action_publish_feedback.cpp[0m
[ 30%] [34m[1mGenerating generated/actsrv_action_succeed.cpp[0m
[ 32%] [34m[1mGenerating generated/actsrv_del.cpp[0m
[ 35%] [34m[1mGenerating generated/actsrv_new.cpp[0m
[ 37%] [34m[1mGenerating generated/callbacks.cpp[0m
[ 40%] [34m[1mGenerating generated/callbacks.h[0m
[ 42%] [34m[1mGenerating generated/cli_del.cpp[0m
[ 45%] [34m[1mGenerating generated/cli_call.cpp[0m
[ 47%] [34m[1mGenerating generated/cli_new.cpp[0m
[ 50%] [34m[1mGenerating generated/cli_wait.cpp[0m
[ 52%] [34m[1mGenerating generated/if_const.cpp[0m
[ 55%] [34m[1mGenerating generated/if_list.cpp[0m
[ 57%] [34m[1mGenerating generated/if_new.cpp[0m
[ 60%] [34m[1mGenerating generated/pub_del.cpp[0m
[ 62%] [34m[1mGenerating generated/pub_new.cpp[0m
[ 65%] [34m[1mGenerating generated/pub_publish.cpp[0m
[ 67%] [34m[1mGenerating generated/srv_del.cpp[0m
[ 70%] [34m[1mGenerating generated/srv_new.cpp[0m
[ 72%] [34m[1mGenerating generated/sub_del.cpp[0m
[ 75%] [34m[1mGenerating generated/sub_new.cpp[0m
[ 75%] Built target generate_ros_code
[35m[1mConsolidate compiler generated dependencies of target simExtROS2[0m
[ 77%] [32mBuilding CXX object CMakeFiles/simExtROS2.dir/src/sim_ros2_interface.cpp.o[0m
[ 80%] [32mBuilding CXX object CMakeFiles/simExtROS2.dir/generated/callbacks.cpp.o[0m
[01m[K/home/camilo/ros2_ws/build/sim_ros2_interface/generated/callbacks.cpp:[m[K In function â€˜[01m[Kvoid write__std_msgs__msg__MultiArrayLayout(const MultiArrayLayout&, int, const ROS2WriteOptions*)[m[Kâ€™:
[01m[K/home/camilo/ros2_ws/build/sim_ros2_interface/generated/callbacks.cpp:3468:17:[m[K [01;31m[Kerror: [m[Kâ€˜[01m[Kwrite__std_msgs__msg__MultiArrayDimension[m[Kâ€™ was not declared in this scope; did you mean â€˜[01m[KDEPRECATED__std_msgs__msg__MultiArrayDimension[m[Kâ€™?
 3468 |                 [01;31m[Kwrite__std_msgs__msg__MultiArrayDimension[m[K(msg.dim[i], stack, opt);
      |                 [01;31m[K^~~~~~~~~~~~~~~~~~~~~~~~~~~~~~~~~~~~~~~~~[m[K
      |                 [32m[KDEPRECATED__std_msgs__msg__MultiArrayDimension[m[K
[01m[K/home/camilo/ros2_ws/build/sim_ros2_interface/generated/callbacks.cpp:[m[K In function â€˜[01m[Kvoid read__std_msgs__msg__MultiArrayLayout(int, std_msgs::msg::MultiArrayLayout*, const ROS2ReadOptions*)[m[Kâ€™:
[01m[K/home/camilo/ros2_ws/build/sim_ros2_interface/generated/callbacks.cpp:3543:29:[m[K [01;31m[Kerror: [m[Kâ€˜[01m[Kread__std_msgs__msg__MultiArrayDimension[m[Kâ€™ was not declared in this scope; did you mean â€˜[01m[KDEPRECATED__std_msgs__msg__MultiArrayDimension[m[Kâ€™?
 3543 |                             [01;31m[Kread__std_msgs__msg__MultiArrayDimension[m[K(stack, &v, opt);
      |                             [01;31m[K^~~~~~~~~~~~~~~~~~~~~~~~~~~~~~~~~~~~~~~~[m[K
      |                             [32m[KDEPRECATED__std_msgs__msg__MultiArrayDimension[m[K
gmake[2]: *** [CMakeFiles/simExtROS2.dir/build.make:213: CMakeFiles/simExtROS2.dir/generated/callbacks.cpp.o] Error 1
gmake[2]: *** Waiting for unfinished jobs....
gmake[1]: *** [CMakeFiles/Makefile2:164: CMakeFiles/simExtROS2.dir/all] Error 2
gmake: *** [Makefile:146: all] Error 2
