[0.113s] Invoking command in '/home/camilo/ros2_ws/build/sim_ros2_interface': CMAKE_PREFIX_PATH=${CMAKE_PREFIX_PATH}:/home/camilo/ros2_ws/install/turtle_bot:/opt/ros/humble /usr/bin/cmake --build /home/camilo/ros2_ws/build/sim_ros2_interface -- -j8 -l8
[0.158s] [  7%] [34m[1mGenerating generated/actcli_sendGoal.cpp[0m
[0.158s] [  7%] [34m[1mGenerating generated/actcli_cancelLastGoal.cpp[0m
[0.158s] [  7%] [34m[1mGenerating generated/actcli_new.cpp[0m
[0.158s] [ 10%] [34m[1mGenerating generated/actcli_del.cpp[0m
[0.158s] [ 12%] [34m[1mGenerating generated/actsrv_action_abort.cpp[0m
[0.159s] [ 15%] [34m[1mGenerating generated/actsrv_action_is_active.cpp[0m
[0.160s] [ 17%] [34m[1mGenerating generated/actsrv_action_canceled.cpp[0m
[0.167s] [ 20%] [34m[1mGenerating generated/actsrv_action_execute.cpp[0m
[0.433s] [ 22%] [34m[1mGenerating generated/actsrv_action_is_executing.cpp[0m
[0.434s] [ 25%] [34m[1mGenerating generated/actsrv_action_is_canceling.cpp[0m
[0.439s] [ 27%] [34m[1mGenerating generated/actsrv_action_publish_feedback.cpp[0m
[0.441s] [ 30%] [34m[1mGenerating generated/actsrv_action_succeed.cpp[0m
[0.442s] [ 32%] [34m[1mGenerating generated/actsrv_del.cpp[0m
[0.446s] [ 35%] [34m[1mGenerating generated/actsrv_new.cpp[0m
[0.506s] [ 37%] [34m[1mGenerating generated/callbacks.cpp[0m
[0.562s] [ 40%] [34m[1mGenerating generated/callbacks.h[0m
[0.696s] [ 42%] [34m[1mGenerating generated/cli_del.cpp[0m
[0.696s] [ 45%] [34m[1mGenerating generated/cli_call.cpp[0m
[0.711s] [ 47%] [34m[1mGenerating generated/cli_new.cpp[0m
[0.723s] [ 50%] [34m[1mGenerating generated/cli_wait.cpp[0m
[0.744s] [ 52%] [34m[1mGenerating generated/if_const.cpp[0m
[0.788s] [ 55%] [34m[1mGenerating generated/if_list.cpp[0m
[0.790s] [ 57%] [34m[1mGenerating generated/if_new.cpp[0m
[0.861s] [ 60%] [34m[1mGenerating generated/pub_del.cpp[0m
[0.989s] [ 62%] [34m[1mGenerating generated/pub_new.cpp[0m
[0.995s] [ 65%] [34m[1mGenerating generated/pub_publish.cpp[0m
[0.999s] [ 67%] [34m[1mGenerating generated/srv_del.cpp[0m
[1.046s] [ 70%] [34m[1mGenerating generated/srv_new.cpp[0m
[1.070s] [ 72%] [34m[1mGenerating generated/sub_del.cpp[0m
[1.134s] [ 75%] [34m[1mGenerating generated/sub_new.cpp[0m
[1.316s] [ 75%] Built target generate_ros_code
[1.334s] [35m[1mConsolidate compiler generated dependencies of target simExtROS2[0m
[1.366s] [ 77%] [32mBuilding CXX object CMakeFiles/simExtROS2.dir/src/sim_ros2_interface.cpp.o[0m
[1.367s] [ 80%] [32mBuilding CXX object CMakeFiles/simExtROS2.dir/generated/callbacks.cpp.o[0m
[4.587s] [01m[K/home/camilo/ros2_ws/build/sim_ros2_interface/generated/callbacks.cpp:[m[K In function â€˜[01m[Kvoid write__std_msgs__msg__MultiArrayLayout(const MultiArrayLayout&, int, const ROS2WriteOptions*)[m[Kâ€™:
[4.588s] [01m[K/home/camilo/ros2_ws/build/sim_ros2_interface/generated/callbacks.cpp:3468:17:[m[K [01;31m[Kerror: [m[Kâ€˜[01m[Kwrite__std_msgs__msg__MultiArrayDimension[m[Kâ€™ was not declared in this scope; did you mean â€˜[01m[KDEPRECATED__std_msgs__msg__MultiArrayDimension[m[Kâ€™?
[4.588s]  3468 |                 [01;31m[Kwrite__std_msgs__msg__MultiArrayDimension[m[K(msg.dim[i], stack, opt);
[4.588s]       |                 [01;31m[K^~~~~~~~~~~~~~~~~~~~~~~~~~~~~~~~~~~~~~~~~[m[K
[4.588s]       |                 [32m[KDEPRECATED__std_msgs__msg__MultiArrayDimension[m[K
[4.618s] [01m[K/home/camilo/ros2_ws/build/sim_ros2_interface/generated/callbacks.cpp:[m[K In function â€˜[01m[Kvoid read__std_msgs__msg__MultiArrayLayout(int, std_msgs::msg::MultiArrayLayout*, const ROS2ReadOptions*)[m[Kâ€™:
[4.618s] [01m[K/home/camilo/ros2_ws/build/sim_ros2_interface/generated/callbacks.cpp:3543:29:[m[K [01;31m[Kerror: [m[Kâ€˜[01m[Kread__std_msgs__msg__MultiArrayDimension[m[Kâ€™ was not declared in this scope; did you mean â€˜[01m[KDEPRECATED__std_msgs__msg__MultiArrayDimension[m[Kâ€™?
[4.618s]  3543 |                             [01;31m[Kread__std_msgs__msg__MultiArrayDimension[m[K(stack, &v, opt);
[4.619s]       |                             [01;31m[K^~~~~~~~~~~~~~~~~~~~~~~~~~~~~~~~~~~~~~~~[m[K
[4.619s]       |                             [32m[KDEPRECATED__std_msgs__msg__MultiArrayDimension[m[K
[5.286s] gmake[2]: *** [CMakeFiles/simExtROS2.dir/build.make:213: CMakeFiles/simExtROS2.dir/generated/callbacks.cpp.o] Error 1
[5.286s] gmake[2]: *** Waiting for unfinished jobs....
[107.252s] gmake[1]: *** [CMakeFiles/Makefile2:164: CMakeFiles/simExtROS2.dir/all] Error 2
[107.252s] gmake: *** [Makefile:146: all] Error 2
[107.255s] Invoked command in '/home/camilo/ros2_ws/build/sim_ros2_interface' returned '2': CMAKE_PREFIX_PATH=${CMAKE_PREFIX_PATH}:/home/camilo/ros2_ws/install/turtle_bot:/opt/ros/humble /usr/bin/cmake --build /home/camilo/ros2_ws/build/sim_ros2_interface -- -j8 -l8
